TN:
SF:tests/populate-users.repl
FNF:0
FNH:0
BRF:0
BRH:0
DA:32,6
DA:1,3
DA:19,6
DA:20,6
DA:21,6
DA:22,6
DA:23,6
DA:24,6
DA:25,6
DA:26,6
DA:27,6
DA:28,6
DA:29,6
DA:30,6
DA:31,6
LF:15
LH:15
end_of_record
TN:
SF:../util/guards.pact
FN:25,util.guards.enforce-at-after-date
FN:16,util.guards.enforce-after-date
FN:67,util.guards.enforce-or
FN:12,util.guards.after-date
FN:59,util.guards.enforce-and
FN:30,util.guards.before-date
FN:9,util.guards.AUTONOMOUS
FN:55,util.guards.guard-and
FN:48,util.guards.enforce-time
FN:21,util.guards.at-after-date
FN:52,util.guards.chain-time
FN:63,util.guards.guard-or
FN:39,util.guards.at-before-date
FN:34,util.guards.enforce-before-date
FN:43,util.guards.enforce-at-before-date
FNDA:0,util.guards.enforce-at-after-date
FNDA:0,util.guards.enforce-after-date
FNDA:0,util.guards.enforce-or
FNDA:0,util.guards.after-date
FNDA:0,util.guards.enforce-and
FNDA:0,util.guards.before-date
FNDA:0,util.guards.AUTONOMOUS
FNDA:0,util.guards.guard-and
FNDA:0,util.guards.enforce-time
FNDA:0,util.guards.at-after-date
FNDA:127,util.guards.chain-time
FNDA:0,util.guards.guard-or
FNDA:0,util.guards.at-before-date
FNDA:0,util.guards.enforce-before-date
FNDA:0,util.guards.enforce-at-before-date
FNF:15
FNH:1
BRF:0
BRH:0
DA:16,0
DA:32,0
DA:48,0
DA:17,0
DA:49,0
DA:65,0
DA:18,0
DA:34,0
DA:50,0
DA:3,1
DA:35,0
DA:67,0
DA:36,0
DA:52,127
DA:68,0
DA:5,1
DA:21,0
DA:53,254
DA:69,0
DA:70,0
DA:23,0
DA:39,0
DA:55,0
DA:71,0
DA:9,0
DA:25,0
DA:41,0
DA:57,0
DA:10,0
DA:26,0
DA:27,0
DA:43,0
DA:59,0
DA:12,0
DA:44,0
DA:60,0
DA:45,0
DA:61,0
DA:14,0
DA:30,0
DA:63,0
LF:41
LH:4
end_of_record
TN:
SF:../root/ns.pact
FN:28,ns.validate-name
FN:14,ns.GOVERNANCE
FN:34,ns.validate
FN:17,ns.OPERATE
FN:25,ns.failure
FN:72,ns.query
FN:23,ns.success
FN:54,ns.write-registry
FNDA:4,ns.validate-name
FNDA:0,ns.GOVERNANCE
FNDA:0,ns.validate
FNDA:4,ns.OPERATE
FNDA:0,ns.failure
FNDA:0,ns.query
FNDA:0,ns.success
FNDA:4,ns.write-registry
FNF:8
FNH:3
BRF:0
BRH:0
DA:64,4
DA:80,1
DA:17,4
DA:49,0
DA:81,1
DA:2,2
DA:18,7
DA:34,0
DA:50,0
DA:66,4
DA:82,1
DA:3,2
DA:83,1
DA:20,1
DA:5,1
DA:21,1
DA:85,1
DA:54,4
DA:86,1
DA:23,0
DA:87,1
DA:72,0
DA:25,0
DA:41,0
DA:89,1
DA:26,0
DA:74,0
DA:90,1
DA:43,0
DA:28,4
DA:92,3
DA:29,8
DA:14,0
DA:30,12
DA:62,8
DA:78,1
DA:15,0
DA:31,8
LF:38
LH:26
end_of_record
TN:
SF:forum.pact
FN:42,dao.forum.rotate-mjolnir
FN:310,dao.forum.lock-comment
FN:305,dao.forum.undelete-topic
FN:33,dao.forum.init-forum-state
FN:389,dao.forum.modify-comment
FN:162,dao.forum.log-mjolnir-action
FN:252,dao.forum.undeleted-topic-keys
FN:187,dao.forum.view-comment
FN:327,dao.forum.unlock-topic
FN:98,dao.forum.enable-member
FN:134,dao.forum.validate-markdown
FN:263,dao.forum.post-topic
FN:415,dao.forum.delete-comment-comment
FN:16,dao.forum.create-forum-gov-guard
FN:335,dao.forum.post-topic-comment
FN:258,dao.forum.view-deleted-topics
FN:444,dao.forum.vote-on-comment
FN:256,dao.forum.view-topics
FN:319,dao.forum.lock-topic
FN:62,dao.forum.MEMBER
FN:260,dao.forum.view-topic-raw
FN:113,dao.forum.enable-moderator
FN:300,dao.forum.delete-topic
FN:12,dao.forum.GOVERNANCE
FN:83,dao.forum.become-member
FN:314,dao.forum.unlock-comment
FN:60,dao.forum.view-members
FN:46,dao.forum.forum-uuid
FN:403,dao.forum.delete-topic-comment
FN:154,dao.forum.log-mod-action
FN:284,dao.forum.modify-topic
FN:117,dao.forum.mjolnir-write-member
FN:105,dao.forum.rotate-member
FN:67,dao.forum.MODERATOR
FN:31,dao.forum.view-forum-state
FN:226,dao.forum.view-topic
FN:38,dao.forum.MJOLNIR
FN:8,dao.forum.FORUM-INTERNAL
FN:91,dao.forum.disable-member
FN:152,dao.forum.view-modlogs
FN:460,dao.forum.init
FN:75,dao.forum.become-moderator
FN:428,dao.forum.vote-on-topic
FN:109,dao.forum.disable-moderator
FN:361,dao.forum.post-comment-comment
FN:185,dao.forum.view-comments
FNDA:2,dao.forum.rotate-mjolnir
FNDA:2,dao.forum.lock-comment
FNDA:1,dao.forum.undelete-topic
FNDA:1,dao.forum.init-forum-state
FNDA:2,dao.forum.modify-comment
FNDA:7,dao.forum.log-mjolnir-action
FNDA:1,dao.forum.undeleted-topic-keys
FNDA:6,dao.forum.view-comment
FNDA:1,dao.forum.unlock-topic
FNDA:1,dao.forum.enable-member
FNDA:11,dao.forum.validate-markdown
FNDA:4,dao.forum.post-topic
FNDA:1,dao.forum.delete-comment-comment
FNDA:1,dao.forum.create-forum-gov-guard
FNDA:1,dao.forum.post-topic-comment
FNDA:1,dao.forum.view-deleted-topics
FNDA:5,dao.forum.vote-on-comment
FNDA:1,dao.forum.view-topics
FNDA:2,dao.forum.lock-topic
FNDA:20,dao.forum.MEMBER
FNDA:3,dao.forum.view-topic-raw
FNDA:1,dao.forum.enable-moderator
FNDA:3,dao.forum.delete-topic
FNDA:7,dao.forum.GOVERNANCE
FNDA:3,dao.forum.become-member
FNDA:1,dao.forum.unlock-comment
FNDA:1,dao.forum.view-members
FNDA:19,dao.forum.forum-uuid
FNDA:1,dao.forum.delete-topic-comment
FNDA:11,dao.forum.log-mod-action
FNDA:2,dao.forum.modify-topic
FNDA:3,dao.forum.mjolnir-write-member
FNDA:2,dao.forum.rotate-member
FNDA:11,dao.forum.MODERATOR
FNDA:1,dao.forum.view-forum-state
FNDA:11,dao.forum.view-topic
FNDA:9,dao.forum.MJOLNIR
FNDA:21,dao.forum.FORUM-INTERNAL
FNDA:1,dao.forum.disable-member
FNDA:1,dao.forum.view-modlogs
FNDA:1,dao.forum.init
FNDA:2,dao.forum.become-moderator
FNDA:5,dao.forum.vote-on-topic
FNDA:1,dao.forum.disable-moderator
FNDA:1,dao.forum.post-comment-comment
FNDA:2,dao.forum.view-comments
FNF:46
FNH:46
BRF:0
BRH:0
DA:256,1
DA:16,1
DA:32,1
DA:48,19
DA:64,60
DA:320,4
DA:336,2
DA:96,1
DA:160,8
DA:416,1
DA:432,9
DA:448,9
DA:1,1
DA:257,5
DA:273,3
DA:33,1
DA:289,4
DA:49,38
DA:305,1
DA:65,19
DA:321,1
DA:337,1
DA:113,1
DA:369,1
DA:145,11
DA:417,2
DA:433,10
DA:449,10
DA:465,1
DA:258,1
DA:18,1
DA:34,1
DA:290,1
DA:50,19
DA:306,2
DA:322,2
DA:338,2
DA:98,1
DA:114,2
DA:370,1
DA:162,7
DA:418,1
DA:434,2
DA:450,2
DA:210,6
DA:466,1
DA:226,11
DA:3,2
DA:259,7
DA:291,1
DA:307,1
DA:67,11
DA:323,1
DA:83,3
DA:339,1
DA:99,2
DA:115,1
DA:371,1
DA:403,1
DA:163,14
DA:419,1
DA:435,8
DA:451,8
DA:467,1
DA:227,11
DA:260,3
DA:292,2
DA:68,11
DA:324,3
DA:84,3
DA:340,1
DA:100,1
DA:372,1
DA:404,1
DA:164,12
DA:436,4
DA:452,4
DA:468,1
DA:5,1
DA:261,3
DA:293,1
DA:85,2
DA:117,3
DA:373,1
DA:389,2
DA:405,2
DA:165,6
DA:421,1
DA:437,4
DA:453,4
DA:469,1
DA:38,9
DA:310,2
DA:70,30
DA:102,2
DA:374,1
DA:134,11
DA:390,2
DA:406,1
DA:166,6
DA:422,1
DA:438,1
DA:454,1
DA:470,2
DA:263,4
DA:39,9
DA:295,1
DA:311,2
DA:71,20
DA:327,1
DA:343,1
DA:103,1
DA:119,6
DA:135,11
DA:407,1
DA:423,2
DA:8,21
DA:264,8
DA:40,9
DA:312,2
DA:72,8
DA:328,2
DA:344,1
DA:120,3
DA:136,11
DA:152,1
DA:168,6
DA:424,1
DA:440,2
DA:456,2
DA:265,3
DA:329,1
DA:345,1
DA:105,2
DA:361,1
DA:137,11
DA:153,10
DA:409,1
DA:425,2
DA:185,2
DA:266,3
DA:42,2
DA:314,1
DA:330,1
DA:346,1
DA:106,4
DA:362,2
DA:138,11
DA:394,1
DA:154,11
DA:410,2
DA:186,7
DA:267,6
DA:43,4
DA:315,1
DA:75,2
DA:331,2
DA:91,1
DA:107,2
DA:363,1
DA:379,1
DA:395,4
DA:155,22
DA:411,3
DA:187,6
DA:251,12
DA:12,14
DA:268,3
DA:284,2
DA:44,2
DA:300,3
DA:60,1
DA:316,1
DA:76,2
DA:332,2
DA:92,2
DA:364,2
DA:140,11
DA:396,2
DA:156,16
DA:428,5
DA:188,6
DA:444,5
DA:460,1
DA:252,1
DA:13,7
DA:269,3
DA:285,2
DA:301,6
DA:61,6
DA:77,1
DA:93,1
DA:109,1
DA:365,1
DA:141,11
DA:397,1
DA:157,8
DA:429,10
DA:445,10
DA:461,1
DA:253,1
DA:14,2
DA:46,19
DA:302,1
DA:62,20
DA:110,2
DA:366,1
DA:142,11
DA:398,1
DA:158,8
DA:430,5
DA:446,5
DA:254,4
DA:31,1
DA:47,19
DA:63,20
DA:319,2
DA:335,1
DA:95,2
DA:351,1
DA:111,1
DA:143,11
DA:415,1
DA:431,7
DA:447,7
DA:255,7
LF:226
LH:226
end_of_record
TN:
SF:init-ns.pact
FNF:0
FNH:0
BRF:0
BRH:0
DA:1,1
DA:2,1
DA:3,3
DA:4,1
DA:5,1
DA:6,1
DA:7,1
LF:7
LH:7
end_of_record
TN:
SF:init.pact
FN:161,dao.init.unregister-guardian
FN:139,dao.init.is-guardian
FN:147,dao.init.register-guardian
FN:273,dao.init.create-gov-guard
FN:8,dao.auto-guards.guard-one
FN:22,dao.auto-guards.prep-impure-module-admin-cap
FN:87,dao.init.init-state
FN:6,dao.auto-guards.GOV
FN:200,dao.init.is-ambassador
FN:246,dao.init.freeze
FN:210,dao.init.register-ambassador
FN:277,dao.init.check-hash-approval
FN:266,dao.init.GOVERNANCE
FN:231,dao.init.reactivate-ambassador
FN:198,dao.init.view-ambassadors
FN:142,dao.init.rotate-guardian
FN:193,dao.init.AMBASSADOR
FN:97,dao.init.view-state
FN:56,dao.init.INTERNAL
FN:47,dao.init.btwn-incl
FN:297,dao.init.init
FN:116,dao.init.is-dao-frozen
FN:221,dao.init.deactivate-ambassador
FN:108,dao.init.adjust-guardian-count
FN:241,dao.init.vote-to-freeze
FN:137,dao.init.view-guardians
FN:19,dao.auto-guards.try-wrap-enforce-guard
FN:205,dao.init.rotate-ambassador
FN:132,dao.init.GUARDIAN
FN:165,dao.init.propose-dao-upgrade
FN:175,dao.init.guardian-approve-hash
FN:14,dao.auto-guards.enforce-one-guard
FN:100,dao.init.adjust-ambassador-count
FN:55,dao.init.dao-acct-balance
FNDA:1,dao.init.unregister-guardian
FNDA:5,dao.init.is-guardian
FNDA:4,dao.init.register-guardian
FNDA:1,dao.init.create-gov-guard
FNDA:1,dao.auto-guards.guard-one
FNDA:5,dao.auto-guards.prep-impure-module-admin-cap
FNDA:1,dao.init.init-state
FNDA:0,dao.auto-guards.GOV
FNDA:7,dao.init.is-ambassador
FNDA:4,dao.init.freeze
FNDA:6,dao.init.register-ambassador
FNDA:10,dao.init.check-hash-approval
FNDA:9,dao.init.GOVERNANCE
FNDA:1,dao.init.reactivate-ambassador
FNDA:1,dao.init.view-ambassadors
FNDA:2,dao.init.rotate-guardian
FNDA:17,dao.init.AMBASSADOR
FNDA:6,dao.init.view-state
FNDA:12,dao.init.INTERNAL
FNDA:12,dao.init.btwn-incl
FNDA:1,dao.init.init
FNDA:40,dao.init.is-dao-frozen
FNDA:4,dao.init.deactivate-ambassador
FNDA:3,dao.init.adjust-guardian-count
FNDA:4,dao.init.vote-to-freeze
FNDA:2,dao.init.view-guardians
FNDA:12,dao.auto-guards.try-wrap-enforce-guard
FNDA:2,dao.init.rotate-ambassador
FNDA:24,dao.init.GUARDIAN
FNDA:2,dao.init.propose-dao-upgrade
FNDA:4,dao.init.guardian-approve-hash
FNDA:6,dao.auto-guards.enforce-one-guard
FNDA:8,dao.init.adjust-ambassador-count
FNDA:1,dao.init.dao-acct-balance
FNF:34
FNH:33
BRF:0
BRH:0
DA:256,4
DA:16,36
DA:288,29
DA:48,36
DA:112,3
DA:144,1
DA:176,8
DA:224,8
DA:1,1
DA:257,2
DA:273,1
DA:289,15
DA:49,29
DA:65,5
DA:97,6
DA:113,3
DA:161,1
DA:177,4
DA:193,17
DA:225,16
DA:241,4
DA:290,17
DA:306,1
DA:98,6
DA:162,1
DA:178,8
DA:194,17
DA:210,6
DA:226,6
DA:242,8
DA:3,2
DA:259,1
DA:19,12
DA:275,1
DA:291,15
DA:307,1
DA:147,4
DA:163,1
DA:179,4
DA:211,18
DA:227,3
DA:243,8
DA:20,24
DA:292,5
DA:308,1
DA:68,2
DA:100,8
DA:116,40
DA:132,24
DA:148,12
DA:180,3
DA:196,16
DA:212,12
DA:228,6
DA:5,1
DA:261,1
DA:277,10
DA:309,1
DA:101,8
DA:133,24
DA:149,8
DA:165,2
DA:197,28
DA:213,4
DA:229,3
DA:6,0
DA:22,5
DA:102,24
DA:118,40
DA:134,24
DA:150,4
DA:166,4
DA:182,3
DA:198,1
DA:246,4
DA:279,10
DA:55,2
DA:71,2
DA:87,1
DA:103,8
DA:119,105
DA:151,3
DA:199,2
DA:231,1
DA:8,1
DA:56,12
DA:88,3
DA:104,8
DA:136,20
DA:200,7
DA:232,2
DA:248,8
DA:297,1
DA:105,16
DA:137,2
DA:169,2
DA:201,14
DA:217,4
DA:233,1
DA:266,18
DA:26,10
DA:282,40
DA:298,1
DA:90,1
DA:106,8
DA:138,7
DA:202,3
DA:218,8
DA:234,2
DA:250,16
DA:283,20
DA:299,1
DA:139,5
DA:171,2
DA:203,6
DA:219,4
DA:235,1
DA:251,36
DA:12,1
DA:268,27
DA:284,32
DA:300,1
DA:108,3
DA:140,10
DA:172,2
DA:252,4
DA:29,1
DA:285,16
DA:109,3
DA:157,3
DA:205,2
DA:221,4
DA:253,68
DA:14,6
DA:270,9
DA:302,1
DA:62,8
DA:110,9
DA:142,2
DA:158,3
DA:206,4
DA:254,8
DA:15,18
DA:271,6
DA:287,12
DA:47,12
DA:111,3
DA:143,4
DA:175,4
DA:207,1
DA:223,8
DA:255,12
LF:152
LH:151
end_of_record
TN:
SF:../root/coin.pact
FN:300,coin.transfer-create
FN:246,coin.details
FN:228,coin.create-account
FN:47,coin.GENESIS
FN:111,coin.enforce-unit
FN:239,coin.get-balance
FN:154,coin.gas-guard
FN:511,coin.create-allocation-account
FN:444,coin.transfer-crosschain
FN:43,coin.COINBASE
FN:55,coin.DEBIT
FN:162,coin.buy-gas
FN:36,coin.GOVERNANCE
FN:82,coin.TRANSFER-mgr
FN:269,coin.precision
FN:324,coin.coinbase
FN:385,coin.debit
FN:69,coin.TRANSFER
FN:273,coin.transfer
FN:544,coin.release-allocation
FN:256,coin.rotate
FN:64,coin.ROTATE
FN:51,coin.REMEDIATE
FN:120,coin.validate-account
FN:340,coin.remediate
FN:365,coin.fund-tx
FN:60,coin.CREDIT
FN:411,coin.credit
FN:39,coin.GAS
FN:183,coin.redeem-gas
FN:150,coin.gas-only
FNDA:0,coin.transfer-create
FNDA:1,coin.details
FNDA:1,coin.create-account
FNDA:0,coin.GENESIS
FNDA:93,coin.enforce-unit
FNDA:1,coin.get-balance
FNDA:0,coin.gas-guard
FNDA:0,coin.create-allocation-account
FNDA:0,coin.transfer-crosschain
FNDA:3,coin.COINBASE
FNDA:4,coin.DEBIT
FNDA:0,coin.buy-gas
FNDA:0,coin.GOVERNANCE
FNDA:4,coin.TRANSFER-mgr
FNDA:0,coin.precision
FNDA:39,coin.coinbase
FNDA:4,coin.debit
FNDA:4,coin.TRANSFER
FNDA:4,coin.transfer
FNDA:0,coin.release-allocation
FNDA:0,coin.rotate
FNDA:0,coin.ROTATE
FNDA:0,coin.REMEDIATE
FNDA:94,coin.validate-account
FNDA:0,coin.remediate
FNDA:0,coin.fund-tx
FNDA:43,coin.CREDIT
FNDA:42,coin.credit
FNDA:0,coin.GAS
FNDA:0,coin.redeem-gas
FNDA:0,coin.gas-only
FNF:31
FNH:14
BRF:0
BRH:0
DA:256,0
DA:544,0
DA:64,0
DA:320,0
DA:336,78
DA:352,0
DA:400,4
DA:176,0
DA:432,42
DA:480,0
DA:240,1
DA:1,1
DA:257,0
DA:273,4
DA:289,4
DA:561,0
DA:321,0
DA:337,39
DA:385,4
DA:258,0
DA:530,0
DA:82,8
DA:354,0
DA:114,93
DA:162,0
DA:418,42
DA:178,0
DA:194,0
DA:466,0
DA:291,4
DA:51,0
DA:563,0
DA:355,0
DA:115,186
DA:131,94
DA:403,8
DA:179,0
DA:195,0
DA:211,0
DA:36,0
DA:292,4
DA:308,0
DA:324,39
DA:340,0
DA:420,84
DA:180,0
DA:196,0
DA:212,0
DA:228,1
DA:484,0
DA:261,0
DA:533,0
DA:37,0
DA:293,3
DA:69,8
DA:117,93
DA:133,94
DA:405,3
DA:421,42
DA:213,0
DA:469,0
DA:566,0
DA:358,0
DA:134,94
DA:150,0
DA:406,3
DA:198,0
DA:246,1
DA:263,0
DA:535,0
DA:39,0
DA:55,4
DA:311,0
DA:567,0
DA:87,4
DA:135,94
DA:423,42
DA:183,0
DA:215,0
DA:231,1
DA:280,8
DA:296,3
DA:552,0
DA:312,0
DA:568,0
DA:88,8
DA:360,0
DA:120,94
DA:392,4
DA:152,0
DA:424,42
DA:200,0
DA:216,0
DA:472,0
DA:248,1
DA:537,0
DA:57,12
DA:585,1
DA:89,4
DA:361,0
DA:201,0
DA:457,0
DA:233,1
DA:554,0
DA:58,8
DA:314,0
DA:570,0
DA:586,1
DA:394,8
DA:154,0
DA:283,4
DA:43,3
DA:75,8
DA:347,0
DA:139,94
DA:411,42
DA:203,0
DA:459,0
DA:491,0
DA:524,0
DA:284,4
DA:300,0
DA:60,43
DA:572,0
DA:76,4
DA:332,39
DA:140,94
DA:156,0
DA:428,84
DA:444,0
DA:204,0
DA:460,0
DA:220,0
DA:492,0
DA:269,0
DA:317,0
DA:573,0
DA:77,8
DA:333,39
DA:349,0
DA:365,0
DA:125,94
DA:381,0
DA:141,94
DA:397,4
DA:173,0
DA:221,0
DA:526,0
DA:286,8
DA:62,86
DA:78,8
DA:126,94
DA:382,0
DA:158,0
DA:462,0
DA:222,0
DA:527,0
DA:47,0
DA:319,0
DA:575,0
DA:79,8
DA:335,39
DA:111,93
DA:127,94
DA:399,4
DA:159,0
DA:175,0
DA:431,42
DA:207,0
DA:463,0
DA:239,1
DA:511,0
LF:172
LH:75
end_of_record
TN:
SF:../root/fungible-v2.pact
FNF:0
FNH:0
BRF:0
BRH:0
DA:1,1
LF:1
LH:1
end_of_record
TN:
SF:../util/guards1.pact
FN:59,util.guards1.max-gas-price
FN:72,util.guards1.max-gas-limit
FN:42,util.guards1.try-enforce-guard
FN:17,util.guards1.guard-all
FN:27,util.guards1.guard-any
FN:77,util.guards1.enforce-below-gas-limit
FN:64,util.guards1.enforce-below-gas-price
FN:32,util.guards1.enforce-guard-any
FN:89,util.guards1.chain-gas-limit
FN:51,util.guards1.enforce-below-gas-notional
FN:85,util.guards1.chain-gas-price
FN:46,util.guards1.max-gas-notional
FN:93,util.guards1.chain-gas-notional
FN:81,util.guards1.enforce-below-or-at-gas-limit
FN:68,util.guards1.enforce-below-or-at-gas-price
FN:55,util.guards1.enforce-below-or-at-gas-notional
FN:22,util.guards1.enforce-guard-all
FNDA:0,util.guards1.max-gas-price
FNDA:0,util.guards1.max-gas-limit
FNDA:0,util.guards1.try-enforce-guard
FNDA:0,util.guards1.guard-all
FNDA:0,util.guards1.guard-any
FNDA:0,util.guards1.enforce-below-gas-limit
FNDA:0,util.guards1.enforce-below-gas-price
FNDA:0,util.guards1.enforce-guard-any
FNDA:0,util.guards1.chain-gas-limit
FNDA:0,util.guards1.enforce-below-gas-notional
FNDA:0,util.guards1.chain-gas-price
FNDA:0,util.guards1.max-gas-notional
FNDA:0,util.guards1.chain-gas-notional
FNDA:0,util.guards1.enforce-below-or-at-gas-limit
FNDA:0,util.guards1.enforce-below-or-at-gas-price
FNDA:0,util.guards1.enforce-below-or-at-gas-notional
FNDA:0,util.guards1.enforce-guard-all
FNF:17
FNH:0
BRF:0
BRH:0
DA:32,0
DA:48,0
DA:64,0
DA:17,0
DA:49,0
DA:65,0
DA:81,0
DA:34,0
DA:66,0
DA:82,0
DA:3,1
DA:19,0
DA:35,0
DA:51,0
DA:83,0
DA:20,0
DA:36,0
DA:52,0
DA:68,0
DA:5,1
DA:37,0
DA:53,0
DA:69,0
DA:85,0
DA:22,0
DA:38,0
DA:70,0
DA:55,0
DA:87,0
DA:24,0
DA:56,0
DA:72,0
DA:57,0
DA:89,0
DA:42,0
DA:74,0
DA:27,0
DA:43,0
DA:59,0
DA:75,0
DA:91,0
DA:29,0
DA:61,0
DA:77,0
DA:93,0
DA:30,0
DA:46,0
DA:62,0
DA:78,0
DA:79,0
DA:95,0
LF:51
LH:2
end_of_record
TN:
SF:init.repl
FN:619,dao.forum.EMPTY
FN:339,dao.init.EMPTY
FNDA:0,dao.forum.EMPTY
FNDA:0,dao.init.EMPTY
FNF:2
FNH:0
BRF:0
BRH:0
DA:256,1
DA:528,2
DA:32,1
DA:544,1
DA:48,1
DA:64,1
DA:320,1
DA:336,3
DA:96,1
DA:352,1
DA:112,1
DA:128,1
DA:144,2
DA:400,2
DA:416,1
DA:192,1
DA:448,1
DA:480,1
DA:496,1
DA:1,1
DA:513,2
DA:273,1
DA:529,1
DA:33,1
DA:305,1
DA:561,1
DA:65,1
DA:353,1
DA:369,3
DA:625,1
DA:641,1
DA:145,2
DA:401,1
DA:657,1
DA:161,1
DA:417,1
DA:449,1
DA:209,1
DA:465,1
DA:481,1
DA:241,1
DA:2,1
DA:258,1
DA:514,1
DA:18,1
DA:530,1
DA:290,1
DA:306,1
DA:562,1
DA:66,1
DA:322,1
DA:338,1
DA:594,1
DA:98,1
DA:114,1
DA:370,1
DA:146,2
DA:162,1
DA:194,1
DA:466,1
DA:242,1
DA:259,1
DA:515,1
DA:19,1
DA:35,1
DA:291,1
DA:547,2
DA:307,1
DA:323,1
DA:339,0
DA:611,1
DA:627,1
DA:643,1
DA:147,3
DA:403,2
DA:675,1
DA:451,1
DA:211,2
DA:467,1
DA:499,2
DA:20,1
DA:276,1
DA:292,1
DA:548,1
DA:52,1
DA:308,1
DA:68,1
DA:580,2
DA:340,1
DA:596,1
DA:100,1
DA:356,3
DA:404,2
DA:436,1
DA:196,1
DA:452,1
DA:212,1
DA:468,1
DA:228,1
DA:484,2
DA:244,1
DA:500,1
DA:261,1
DA:21,1
DA:277,1
DA:533,2
DA:37,1
DA:293,1
DA:53,1
DA:69,1
DA:325,3
DA:101,3
DA:357,1
DA:613,1
DA:149,1
DA:405,2
DA:421,1
DA:677,2
DA:469,1
DA:485,2
DA:245,2
DA:501,1
DA:6,1
DA:518,2
DA:278,2
DA:534,1
DA:294,1
DA:550,1
DA:54,3
DA:310,1
DA:326,1
DA:582,1
DA:102,1
DA:614,1
DA:374,1
DA:630,1
DA:150,3
DA:406,2
DA:166,1
DA:422,1
DA:678,1
DA:438,1
DA:198,1
DA:230,1
DA:519,1
DA:23,1
DA:535,1
DA:39,1
DA:295,1
DA:55,1
DA:311,1
DA:615,3
DA:119,1
DA:631,1
DA:423,1
DA:679,1
DA:199,1
DA:215,2
DA:471,1
DA:487,1
DA:247,1
DA:8,1
DA:264,1
DA:24,1
DA:552,1
DA:328,1
DA:88,3
DA:344,1
DA:104,1
DA:632,1
DA:136,2
DA:152,1
DA:408,1
DA:168,1
DA:424,1
DA:680,2
DA:440,1
DA:216,2
DA:472,1
DA:248,1
DA:504,2
DA:9,1
DA:265,1
DA:521,1
DA:297,1
DA:553,1
DA:329,1
DA:601,2
DA:361,1
DA:121,3
DA:377,1
DA:633,1
DA:137,1
DA:425,1
DA:681,1
DA:201,1
DA:217,1
DA:473,1
DA:249,1
DA:505,1
DA:10,1
DA:266,1
DA:538,2
DA:298,1
DA:554,1
DA:314,1
DA:586,1
DA:602,1
DA:106,3
DA:362,1
DA:618,1
DA:122,1
DA:154,1
DA:426,1
DA:682,1
DA:186,1
DA:442,1
DA:458,1
DA:474,1
DA:506,1
DA:11,1
DA:539,1
DA:555,1
DA:75,1
DA:331,1
DA:587,1
DA:91,1
DA:347,1
DA:363,1
DA:619,0
DA:379,1
DA:635,1
DA:139,2
DA:155,1
DA:411,2
DA:427,1
DA:187,1
DA:443,1
DA:203,1
DA:459,1
DA:251,1
DA:268,1
DA:524,1
DA:284,1
DA:300,1
DA:60,1
DA:92,1
DA:348,1
DA:604,1
DA:108,3
DA:364,2
DA:636,1
DA:140,1
DA:396,1
DA:156,1
DA:188,1
DA:204,1
DA:460,1
DA:220,2
DA:13,1
DA:525,1
DA:45,1
DA:301,1
DA:557,1
DA:317,1
DA:349,1
DA:109,3
DA:365,1
DA:157,2
DA:429,1
DA:189,2
DA:445,1
DA:477,2
DA:509,2
DA:14,1
DA:542,2
DA:46,1
DA:302,1
DA:62,1
DA:318,1
DA:334,1
DA:94,1
DA:350,1
DA:110,1
DA:366,1
DA:638,3
DA:142,2
DA:158,2
DA:414,2
DA:174,1
DA:190,2
DA:206,1
DA:462,1
DA:478,2
DA:238,1
DA:254,1
DA:510,1
DA:271,1
DA:543,1
DA:47,1
DA:303,1
DA:63,1
DA:319,1
DA:335,1
DA:591,1
DA:95,1
DA:607,1
DA:639,1
DA:399,2
DA:159,2
DA:415,1
DA:191,1
DA:207,1
DA:463,1
DA:223,1
DA:239,1
DA:495,1
DA:255,1
LF:318
LH:316
end_of_record
TN:
SF:../util/ns.pact
FNF:0
FNH:0
BRF:0
BRH:0
DA:2,1
DA:3,1
DA:5,1
DA:6,1
DA:7,1
LF:5
LH:5
end_of_record
